<?xml version="1.0" encoding="UTF-8" ?>
<testsuite errors="0" failures="0" hostname="Inshitalma" name="shitalma.unixtools.sort.sortLibTest" skipped="0" tests="4" time="0.427" timestamp="2014-01-22T18:24:27">
  <properties>
    <property name="ant.project.invoked-targets" value="dist" />
    <property name="java.runtime.name" value="Java(TM) SE Runtime Environment" />
    <property name="sun.boot.library.path" value="c:\Program Files\Java\jdk1.7.0_11\jre\bin" />
    <property name="java.vm.version" value="23.6-b04" />
    <property name="ant.file.type.unix-tools" value="file" />
    <property name="ant.library.dir" value="d:/Installers/apache-ant-1.9.3-bin/apache-ant-1.9.3/lib" />
    <property name="ant.version" value="Apache Ant(TM) version 1.9.3 compiled on December 23 2013" />
    <property name="ant.java.version" value="1.7" />
    <property name="java.vm.vendor" value="Oracle Corporation" />
    <property name="java.vendor.url" value="http://java.oracle.com/" />
    <property name="path.separator" value=";" />
    <property name="java.vm.name" value="Java HotSpot(TM) 64-Bit Server VM" />
    <property name="file.encoding.pkg" value="sun.io" />
    <property name="user.script" value="" />
    <property name="user.country" value="US" />
    <property name="sun.java.launcher" value="SUN_STANDARD" />
    <property name="sun.os.patch.level" value="Service Pack 1" />
    <property name="java.vm.specification.name" value="Java Virtual Machine Specification" />
    <property name="user.dir" value="d:\projects\unix-tools" />
    <property name="java.runtime.version" value="1.7.0_11-b21" />
    <property name="java.awt.graphicsenv" value="sun.awt.Win32GraphicsEnvironment" />
    <property name="basedir" value="d:\projects\unix-tools" />
    <property name="java.endorsed.dirs" value="c:\Program Files\Java\jdk1.7.0_11\jre\lib\endorsed" />
    <property name="os.arch" value="amd64" />
    <property name="ant.project.default-target" value="run-tests" />
    <property name="java.io.tmpdir" value="C:\Users\shitalma\AppData\Local\Temp\" />
    <property name="ant.core.lib" value="d:\Installers\apache-ant-1.9.3-bin\apache-ant-1.9.3\lib\ant.jar" />
    <property name="line.separator" value="&#xd;&#xa;" />
    <property name="java.vm.specification.vendor" value="Oracle Corporation" />
    <property name="user.variant" value="" />
    <property name="os.name" value="Windows 7" />
    <property name="ant.home" value="d:/Installers/apache-ant-1.9.3-bin/apache-ant-1.9.3" />
    <property name="test-dir" value="d:\projects\unix-tools\test" />
    <property name="ant.file.unix-tools" value="d:\projects\unix-tools\build.xml" />
    <property name="ant.project.name" value="unix-tools" />
    <property name="sun.jnu.encoding" value="Cp1252" />
    <property name="java.library.path" value="c:\Program Files\Java\jdk1.7.0_11\jre\bin;C:\windows\Sun\Java\bin;C:\windows\system32;C:\windows;c:\Users\shitalma\bin;.;C:\Program Files (x86)\Git\local\bin;C:\Program Files (x86)\Git\mingw\bin;C:\Program Files (x86)\Git\bin;c:\Program Files (x86)\RSA SecurID Token Common;c:\windows\system32;c:\windows;c:\windows\System32\Wbem;c:\windows\System32\WindowsPowerShell\v1.0\;c:\Program Files (x86)\Common Files\Roxio Shared\10.0\DLLShared\;c:\Program Files (x86)\Common Files\Roxio Shared\DLLShared\;c:\Program Files\TortoiseSVN\bin;c:\Program Files\Google\Google Apps Migration\;c:\Program Files\Google\Google Apps Sync\;c:\Program Files\nodejs\;d:\cygnus\cygwin-b20\H-i586-cygwin32\bin\;d:\Installers\phantomjs-1.9.2-windows;c:\Program Files\Java\jre7\bin;%UNIXTOOLS_SH%;%UNIX_TOOLS%;%UNIXTOOLS_GS%;%ANT_HOME%\bin;%CODECOVERAGE_HOME%;%CODECOVERAGE_HOME%\lib;%UNIX%\bin;%EXPRESSIONEVALUATOR_SH%\bin;c:\Program Files\Java\jdk1.7.0_11\bin;c:\Users\shitalma\AppData\Roaming\npm;d:\projects\unix-tools;d:\samiksha\unix_tools\bin;d:\assignment\GS;d:\Installers\apache-ant-1.9.3-bin\apache-ant-1.9.3\bin;d:\Installers\cobertura-2.0.1-bin\cobertura-2.0.1;d:\Installers\cobertura-2.0.1-bin\cobertura-2.0.1\lib;d:\fun\unix-tools\bin;d:\projects\expression-evaluator\expression-evaluator\bin;d:\fun\evaluator-0.3\bin;." />
    <property name="src" value="d:\projects\unix-tools\src" />
    <property name="java.specification.name" value="Java Platform API Specification" />
    <property name="java.class.version" value="51.0" />
    <property name="sun.management.compiler" value="HotSpot 64-Bit Tiered Compilers" />
    <property name="os.version" value="6.1" />
    <property name="ant.file" value="d:\projects\unix-tools\build.xml" />
    <property name="user.home" value="C:\Users\shitalma" />
    <property name="user.timezone" value="" />
    <property name="java.awt.printerjob" value="sun.awt.windows.WPrinterJob" />
    <property name="java.specification.version" value="1.7" />
    <property name="file.encoding" value="Cp1252" />
    <property name="user.name" value="shitalma" />
    <property name="java.class.path" value="d:\projects\unix-tools\build\code-coverage\instrumented;d:\projects\unix-tools\build\src;d:\projects\unix-tools\build\test;d:\projects\unix-tools\externalLib\junit-4.10.jar;d:\projects\unix-tools\externalLib\cobertura-2.0.3.jar;d:\projects\unix-tools\externalLib\lib\asm-4.1.jar;d:\projects\unix-tools\externalLib\lib\asm-analysis-4.1.jar;d:\projects\unix-tools\externalLib\lib\asm-commons-4.1.jar;d:\projects\unix-tools\externalLib\lib\asm-tree-4.1.jar;d:\projects\unix-tools\externalLib\lib\asm-util-4.1.jar;d:\projects\unix-tools\externalLib\lib\dom4j-1.6.1.jar;d:\projects\unix-tools\externalLib\lib\icu4j-2.6.1.jar;d:\projects\unix-tools\externalLib\lib\jaxen-1.1-beta-8.jar;d:\projects\unix-tools\externalLib\lib\jdom-1.0.jar;d:\projects\unix-tools\externalLib\lib\jetty-6.1.14.jar;d:\projects\unix-tools\externalLib\lib\jetty-util-6.1.14.jar;d:\projects\unix-tools\externalLib\lib\log4j-1.2.9.jar;d:\projects\unix-tools\externalLib\lib\oro-2.0.8.jar;d:\projects\unix-tools\externalLib\lib\servlet-api-2.5-6.1.14.jar;d:\projects\unix-tools\externalLib\lib\tagsoup-0.9.7.jar;d:\projects\unix-tools\externalLib\lib\xmlParserAPIs-2.6.2.jar;d:\projects\unix-tools\externalLib\lib\xom-1.0b3.jar;d:\Installers\apache-ant-1.9.3-bin\apache-ant-1.9.3\lib\junit-4.10.jar;D:\Installers\apache-ant-1.9.3-bin\apache-ant-1.9.3\lib\ant-launcher.jar;d:\Installers\apache-ant-1.9.3-bin\apache-ant-1.9.3\lib\ant.jar;d:\Installers\apache-ant-1.9.3-bin\apache-ant-1.9.3\lib\ant-junit.jar;d:\Installers\apache-ant-1.9.3-bin\apache-ant-1.9.3\lib\ant-junit4.jar" />
    <property name="java.vm.specification.version" value="1.7" />
    <property name="java.home" value="c:\Program Files\Java\jdk1.7.0_11\jre" />
    <property name="sun.java.command" value="org.apache.tools.ant.taskdefs.optional.junit.JUnitTestRunner shitalma.unixtools.sort.sortLibTest skipNonTests=false filtertrace=true haltOnError=false haltOnFailure=false showoutput=false outputtoformatters=true logfailedtests=true logtestlistenerevents=false formatter=org.apache.tools.ant.taskdefs.optional.junit.XMLJUnitResultFormatter,d:\projects\unix-tools\build\code-coverage\reports\xml\TEST-shitalma.unixtools.sort.sortLibTest.xml crashfile=d:\projects\unix-tools\junitvmwatcher3184966811756604613.properties propsfile=d:\projects\unix-tools\junit372656992105652814.properties" />
    <property name="sun.arch.data.model" value="64" />
    <property name="java.specification.vendor" value="Oracle Corporation" />
    <property name="user.language" value="en" />
    <property name="build" value="d:\projects\unix-tools\build" />
    <property name="awt.toolkit" value="sun.awt.windows.WToolkit" />
    <property name="java.vm.info" value="mixed mode" />
    <property name="java.version" value="1.7.0_11" />
    <property name="java.ext.dirs" value="c:\Program Files\Java\jdk1.7.0_11\jre\lib\ext;C:\windows\Sun\Java\lib\ext" />
    <property name="sun.boot.class.path" value="c:\Program Files\Java\jdk1.7.0_11\jre\lib\resources.jar;c:\Program Files\Java\jdk1.7.0_11\jre\lib\rt.jar;c:\Program Files\Java\jdk1.7.0_11\jre\lib\sunrsasign.jar;c:\Program Files\Java\jdk1.7.0_11\jre\lib\jsse.jar;c:\Program Files\Java\jdk1.7.0_11\jre\lib\jce.jar;c:\Program Files\Java\jdk1.7.0_11\jre\lib\charsets.jar;c:\Program Files\Java\jdk1.7.0_11\jre\lib\jfr.jar;c:\Program Files\Java\jdk1.7.0_11\jre\classes" />
    <property name="java.vendor" value="Oracle Corporation" />
    <property name="file.separator" value="\" />
    <property name="java.vendor.url.bug" value="http://bugreport.sun.com/bugreport/" />
    <property name="sun.cpu.endian" value="little" />
    <property name="sun.io.unicode.encoding" value="UnicodeLittle" />
    <property name="ant.file.type" value="file" />
    <property name="sun.desktop" value="windows" />
    <property name="sun.cpu.isalist" value="amd64" />
  </properties>
  <testcase classname="shitalma.unixtools.sort.sortLibTest" name="testWhenInputIsEmptyForSortedOrder" time="0.135" />
  <testcase classname="shitalma.unixtools.sort.sortLibTest" name="testWhenInputIsEmptyForReverseOrder" time="0.001" />
  <testcase classname="shitalma.unixtools.sort.sortLibTest" name="testSortData" time="0.002" />
  <testcase classname="shitalma.unixtools.sort.sortLibTest" name="testReverseData" time="0.001" />
  <system-out><![CDATA[]]></system-out>
  <system-err><![CDATA[]]></system-err>
</testsuite>
